Base path: 'C:/Program Files/Unity/Hub/Editor/2019.4.24f1/Editor/Data', plugins path 'C:/Program Files/Unity/Hub/Editor/2019.4.24f1/Editor/Data/PlaybackEngines'
Cmd: initializeCompiler
Cmd: preprocess
  insize=1579 outsize=233 ok=1
Cmd: preprocessCompute
  insize=18709 outsize=18731 ok=1
Cmd: compileComputeKernel
  api=4 insize=18731 outsize=8518 ok=1
Cmd: compileComputeKernel
  api=4 insize=18731 outsize=10507 ok=1
Cmd: preprocess
  insize=6380 outsize=1878 ok=1
Cmd: preprocess
  insize=7883 outsize=2542 ok=1
Cmd: preprocessCompute
  insize=1220 outsize=1226 ok=1
Cmd: compileComputeKernel
  api=4 insize=1226 outsize=800 ok=1
Cmd: preprocess
  insize=1867 outsize=322 ok=1
Cmd: preprocess
  insize=6257 outsize=384 ok=1
Cmd: preprocess
  insize=7445 outsize=1568 ok=1
Cmd: preprocess
  insize=2507 outsize=1111 ok=1
Cmd: preprocess
  insize=6462 outsize=1315 ok=1
Cmd: preprocess
  insize=2108 outsize=871 ok=1
Cmd: preprocessCompute
  insize=1499 outsize=1505 ok=1
Cmd: compileComputeKernel
  api=4 insize=1505 outsize=1455 ok=1
Cmd: preprocess
  insize=2453 outsize=662 ok=1
Cmd: preprocess
  insize=3642 outsize=1299 ok=1
Cmd: preprocess
  insize=23074 outsize=2424 ok=1
Cmd: preprocessCompute
  insize=5024 outsize=5032 ok=1
Cmd: compileComputeKernel
  api=4 insize=5032 outsize=3708 ok=1
Cmd: preprocess
  insize=2413 outsize=702 ok=1
Cmd: preprocess
  insize=3376 outsize=1216 ok=1
Cmd: preprocessCompute
  insize=1858 outsize=1864 ok=1
Cmd: compileComputeKernel
  api=4 insize=1864 outsize=1385 ok=1
Cmd: preprocess
  insize=3362 outsize=442 ok=1
Cmd: preprocess
  insize=1308 outsize=457 ok=1
Cmd: preprocess
  insize=3682 outsize=237 ok=1
Cmd: preprocess
  insize=21434 outsize=2407 ok=1
Cmd: preprocess
  insize=12310 outsize=4702 ok=1
Cmd: preprocessCompute
  insize=3152 outsize=3158 ok=1
Cmd: compileComputeKernel
  api=4 insize=3158 outsize=47803 ok=1
Cmd: preprocessCompute
  insize=11166 outsize=11176 ok=1
Cmd: compileComputeKernel
  api=4 insize=11176 outsize=9684 ok=1
Cmd: preprocess
  insize=1231 outsize=322 ok=1
Cmd: preprocess
  insize=1020 outsize=478 ok=1
Cmd: preprocessCompute
  insize=2114 outsize=2120 ok=1
Cmd: compileComputeKernel
  api=4 insize=2120 outsize=1000 ok=1
Cmd: preprocess
  insize=1495 outsize=207 ok=1
Cmd: preprocess
  insize=2171 outsize=335 ok=1
Cmd: preprocess
  insize=1242 outsize=362 ok=1
Cmd: preprocess
  insize=3662 outsize=2718 ok=1
Cmd: preprocess
  insize=11237 outsize=2525 ok=1
Cmd: preprocess
  insize=936 outsize=348 ok=1
Cmd: preprocess
  insize=3320 outsize=826 ok=1
Cmd: preprocess
  insize=1665 outsize=236 ok=1
Cmd: preprocess
  insize=3197 outsize=1434 ok=1
Cmd: preprocess
  insize=4922 outsize=733 ok=1
Cmd: preprocess
  insize=2706 outsize=232 ok=1
Cmd: preprocess
  insize=4513 outsize=3751 ok=1
Cmd: preprocessCompute
  insize=2128 outsize=2134 ok=1
Cmd: compileComputeKernel
  api=4 insize=2134 outsize=1515 ok=1
Cmd: preprocess
  insize=12668 outsize=566 ok=1
Cmd: preprocess
  insize=3640 outsize=1347 ok=1
Cmd: preprocess
  insize=6503 outsize=930 ok=1
Cmd: preprocess
  insize=10917 outsize=4057 ok=1
Cmd: preprocess
  insize=5074 outsize=1591 ok=1
Cmd: preprocess
  insize=5250 outsize=1716 ok=1
Cmd: preprocess
  insize=3177 outsize=2815 ok=1
Cmd: preprocess
  insize=2371 outsize=667 ok=1
Cmd: preprocess
  insize=12338 outsize=1048 ok=1
Cmd: preprocess
  insize=2070 outsize=769 ok=1
Cmd: preprocess
  insize=1222 outsize=456 ok=1
Cmd: preprocess
  insize=628 outsize=231 ok=1
Cmd: preprocess
  insize=5417 outsize=1271 ok=1
Cmd: preprocess
  insize=7382 outsize=421 ok=1
Cmd: preprocess
  insize=3897 outsize=2073 ok=1
Cmd: preprocess
  insize=2581 outsize=863 ok=1
Cmd: preprocess
  insize=1719 outsize=372 ok=1
Cmd: preprocess
  insize=52522 outsize=9891 ok=1
Cmd: preprocess
  insize=15652 outsize=3442 ok=1
Cmd: preprocess
  insize=11823 outsize=980 ok=1
Cmd: preprocessCompute
  insize=3526 outsize=3532 ok=1
Cmd: compileComputeKernel
  api=4 insize=3532 outsize=2521 ok=1
Cmd: preprocess
  insize=6121 outsize=2519 ok=1
Cmd: preprocessCompute
  insize=3168 outsize=3174 ok=1
Cmd: compileComputeKernel
  api=4 insize=3174 outsize=1324 ok=1
Cmd: preprocess
  insize=2414 outsize=2035 ok=1
Cmd: preprocess
  insize=24635 outsize=2801 ok=1
Cmd: preprocess
  insize=8069 outsize=2811 ok=1
Cmd: preprocess
  insize=3219 outsize=322 ok=1
Cmd: preprocessCompute
  insize=1953 outsize=1957 ok=1
Cmd: preprocessCompute
  insize=5587 outsize=5591 ok=1
Cmd: compileComputeKernel
  api=4 insize=5591 outsize=6437 ok=1
Cmd: preprocess
  insize=1188 outsize=411 ok=1
Cmd: preprocess
  insize=10902 outsize=4047 ok=1
Cmd: preprocess
  insize=6801 outsize=3266 ok=1
Cmd: preprocess
  insize=3694 outsize=1723 ok=1
Cmd: preprocess
  insize=885 outsize=554 ok=1
Cmd: preprocess
  insize=8229 outsize=899 ok=1
Cmd: preprocess
  insize=3536 outsize=1536 ok=1
Cmd: preprocess
  insize=5455 outsize=705 ok=1
Cmd: preprocess
  insize=3750 outsize=384 ok=1
Cmd: preprocess
  insize=1409 outsize=310 ok=1
Cmd: preprocess
  insize=7914 outsize=2554 ok=1
Cmd: preprocess
  insize=6433 outsize=706 ok=1
Cmd: preprocess
  insize=2468 outsize=1177 ok=1
Cmd: compileSnippet
  api=4 type=0 insize=41105 outsize=982 kw=UNITY_PASS_FORWARDBASE _EMISSION INSTANCING_ON _ALPHABLEND_ON _DISABLE_ALBEDO_MAP _SPECULAR_HIGHLIGHTS _VERTEX_COLORS _BORDER_LIGHT_USES_HOVER_COLOR pd=UNITY_ENABLE_REFLECTION_BUFFERS UNITY_USE_DITHER_MASK_FOR_ALPHABLENDED_SHADOWS UNITY_PBS_USE_BRDF1 UNITY_SPECCUBE_BOX_PROJECTION UNITY_SPECCUBE_BLENDING UNITY_ENABLE_DETAIL_NORMALMAP SHADER_API_DESKTOP UNITY_HARDWARE_TIER3 UNITY_COLORSPACE_GAMMA UNITY_LIGHT_PROBE_PROXY_VOLUME UNITY_LIGHTMAP_FULL_HDR ok=1
Cmd: compileSnippet
  api=4 type=1 insize=41105 outsize=510 kw=UNITY_PASS_FORWARDBASE _EMISSION INSTANCING_ON _ALPHABLEND_ON _DISABLE_ALBEDO_MAP _SPECULAR_HIGHLIGHTS _VERTEX_COLORS _BORDER_LIGHT_USES_HOVER_COLOR pd=UNITY_ENABLE_REFLECTION_BUFFERS UNITY_USE_DITHER_MASK_FOR_ALPHABLENDED_SHADOWS UNITY_PBS_USE_BRDF1 UNITY_SPECCUBE_BOX_PROJECTION UNITY_SPECCUBE_BLENDING UNITY_ENABLE_DETAIL_NORMALMAP SHADER_API_DESKTOP UNITY_HARDWARE_TIER3 UNITY_COLORSPACE_GAMMA UNITY_LIGHT_PROBE_PROXY_VOLUME UNITY_LIGHTMAP_FULL_HDR ok=1
Cmd: compileSnippet
  api=4 type=0 insize=515925 outsize=1778 kw=UNITY_PASS_SHADOWCASTER SHADOWS_DEPTH pd=UNITY_ENABLE_REFLECTION_BUFFERS UNITY_USE_DITHER_MASK_FOR_ALPHABLENDED_SHADOWS UNITY_PBS_USE_BRDF1 UNITY_SPECCUBE_BOX_PROJECTION UNITY_SPECCUBE_BLENDING UNITY_ENABLE_DETAIL_NORMALMAP SHADER_API_DESKTOP UNITY_HARDWARE_TIER3 UNITY_COLORSPACE_GAMMA UNITY_LIGHT_PROBE_PROXY_VOLUME UNITY_LIGHTMAP_FULL_HDR ok=1
Cmd: compileSnippet
  api=4 type=1 insize=515925 outsize=818 kw=UNITY_PASS_SHADOWCASTER SHADOWS_DEPTH pd=UNITY_ENABLE_REFLECTION_BUFFERS UNITY_USE_DITHER_MASK_FOR_ALPHABLENDED_SHADOWS UNITY_PBS_USE_BRDF1 UNITY_SPECCUBE_BOX_PROJECTION UNITY_SPECCUBE_BLENDING UNITY_ENABLE_DETAIL_NORMALMAP SHADER_API_DESKTOP UNITY_HARDWARE_TIER3 UNITY_COLORSPACE_GAMMA UNITY_LIGHT_PROBE_PROXY_VOLUME UNITY_LIGHTMAP_FULL_HDR ok=1
Cmd: compileSnippet
  api=4 type=0 insize=930039 outsize=1698 kw=UNITY_PASS_FORWARDBASE DIRECTIONAL LIGHTPROBE_SH pd=UNITY_ENABLE_REFLECTION_BUFFERS UNITY_USE_DITHER_MASK_FOR_ALPHABLENDED_SHADOWS UNITY_PBS_USE_BRDF1 UNITY_SPECCUBE_BOX_PROJECTION UNITY_SPECCUBE_BLENDING UNITY_ENABLE_DETAIL_NORMALMAP SHADER_API_DESKTOP UNITY_HARDWARE_TIER3 UNITY_COLORSPACE_GAMMA UNITY_LIGHT_PROBE_PROXY_VOLUME UNITY_LIGHTMAP_FULL_HDR ok=1
Cmd: compileSnippet
  api=4 type=1 insize=930039 outsize=4022 kw=UNITY_PASS_FORWARDBASE DIRECTIONAL LIGHTPROBE_SH pd=UNITY_ENABLE_REFLECTION_BUFFERS UNITY_USE_DITHER_MASK_FOR_ALPHABLENDED_SHADOWS UNITY_PBS_USE_BRDF1 UNITY_SPECCUBE_BOX_PROJECTION UNITY_SPECCUBE_BLENDING UNITY_ENABLE_DETAIL_NORMALMAP SHADER_API_DESKTOP UNITY_HARDWARE_TIER3 UNITY_COLORSPACE_GAMMA UNITY_LIGHT_PROBE_PROXY_VOLUME UNITY_LIGHTMAP_FULL_HDR ok=1
Cmd: compileSnippet
  api=4 type=0 insize=41105 outsize=2622 kw=UNITY_PASS_FORWARDBASE INSTANCING_ON _ALPHABLEND_ON _DISABLE_ALBEDO_MAP _HOVER_LIGHT _HOVER_COLOR_OVERRIDE _BORDER_LIGHT _BORDER_LIGHT_USES_HOVER_COLOR _IGNORE_Z_SCALE pd=UNITY_ENABLE_REFLECTION_BUFFERS UNITY_USE_DITHER_MASK_FOR_ALPHABLENDED_SHADOWS UNITY_PBS_USE_BRDF1 UNITY_SPECCUBE_BOX_PROJECTION UNITY_SPECCUBE_BLENDING UNITY_ENABLE_DETAIL_NORMALMAP SHADER_API_DESKTOP UNITY_HARDWARE_TIER3 UNITY_COLORSPACE_GAMMA UNITY_LIGHT_PROBE_PROXY_VOLUME UNITY_LIGHTMAP_FULL_HDR ok=1
Cmd: compileSnippet
  api=4 type=1 insize=41105 outsize=1622 kw=UNITY_PASS_FORWARDBASE INSTANCING_ON _ALPHABLEND_ON _DISABLE_ALBEDO_MAP _HOVER_LIGHT _HOVER_COLOR_OVERRIDE _BORDER_LIGHT _BORDER_LIGHT_USES_HOVER_COLOR _IGNORE_Z_SCALE pd=UNITY_ENABLE_REFLECTION_BUFFERS UNITY_USE_DITHER_MASK_FOR_ALPHABLENDED_SHADOWS UNITY_PBS_USE_BRDF1 UNITY_SPECCUBE_BOX_PROJECTION UNITY_SPECCUBE_BLENDING UNITY_ENABLE_DETAIL_NORMALMAP SHADER_API_DESKTOP UNITY_HARDWARE_TIER3 UNITY_COLORSPACE_GAMMA UNITY_LIGHT_PROBE_PROXY_VOLUME UNITY_LIGHTMAP_FULL_HDR ok=1
Cmd: compileSnippet
  api=4 type=0 insize=41105 outsize=1102 kw=UNITY_PASS_FORWARDBASE _EMISSION INSTANCING_ON _ALPHABLEND_ON _SPECULAR_HIGHLIGHTS _VERTEX_COLORS _BORDER_LIGHT_USES_HOVER_COLOR pd=UNITY_ENABLE_REFLECTION_BUFFERS UNITY_USE_DITHER_MASK_FOR_ALPHABLENDED_SHADOWS UNITY_PBS_USE_BRDF1 UNITY_SPECCUBE_BOX_PROJECTION UNITY_SPECCUBE_BLENDING UNITY_ENABLE_DETAIL_NORMALMAP SHADER_API_DESKTOP UNITY_HARDWARE_TIER3 UNITY_COLORSPACE_GAMMA UNITY_LIGHT_PROBE_PROXY_VOLUME UNITY_LIGHTMAP_FULL_HDR ok=1
Cmd: compileSnippet
  api=4 type=1 insize=41105 outsize=638 kw=UNITY_PASS_FORWARDBASE _EMISSION INSTANCING_ON _ALPHABLEND_ON _SPECULAR_HIGHLIGHTS _VERTEX_COLORS _BORDER_LIGHT_USES_HOVER_COLOR pd=UNITY_ENABLE_REFLECTION_BUFFERS UNITY_USE_DITHER_MASK_FOR_ALPHABLENDED_SHADOWS UNITY_PBS_USE_BRDF1 UNITY_SPECCUBE_BOX_PROJECTION UNITY_SPECCUBE_BLENDING UNITY_ENABLE_DETAIL_NORMALMAP SHADER_API_DESKTOP UNITY_HARDWARE_TIER3 UNITY_COLORSPACE_GAMMA UNITY_LIGHT_PROBE_PROXY_VOLUME UNITY_LIGHTMAP_FULL_HDR ok=1
Cmd: compileSnippet
  api=4 type=0 insize=41105 outsize=3802 kw=UNITY_PASS_FORWARDBASE INSTANCING_ON _ALPHABLEND_ON _DISABLE_ALBEDO_MAP _NEAR_PLANE_FADE _NEAR_LIGHT_FADE _HOVER_LIGHT _PROXIMITY_LIGHT _BORDER_LIGHT _BORDER_LIGHT_USES_HOVER_COLOR _IGNORE_Z_SCALE pd=UNITY_ENABLE_REFLECTION_BUFFERS UNITY_USE_DITHER_MASK_FOR_ALPHABLENDED_SHADOWS UNITY_PBS_USE_BRDF1 UNITY_SPECCUBE_BOX_PROJECTION UNITY_SPECCUBE_BLENDING UNITY_ENABLE_DETAIL_NORMALMAP SHADER_API_DESKTOP UNITY_HARDWARE_TIER3 UNITY_COLORSPACE_GAMMA UNITY_LIGHT_PROBE_PROXY_VOLUME UNITY_LIGHTMAP_FULL_HDR ok=1
Cmd: compileSnippet
  api=4 type=1 insize=41105 outsize=4750 kw=UNITY_PASS_FORWARDBASE INSTANCING_ON _ALPHABLEND_ON _DISABLE_ALBEDO_MAP _NEAR_PLANE_FADE _NEAR_LIGHT_FADE _HOVER_LIGHT _PROXIMITY_LIGHT _BORDER_LIGHT _BORDER_LIGHT_USES_HOVER_COLOR _IGNORE_Z_SCALE pd=UNITY_ENABLE_REFLECTION_BUFFERS UNITY_USE_DITHER_MASK_FOR_ALPHABLENDED_SHADOWS UNITY_PBS_USE_BRDF1 UNITY_SPECCUBE_BOX_PROJECTION UNITY_SPECCUBE_BLENDING UNITY_ENABLE_DETAIL_NORMALMAP SHADER_API_DESKTOP UNITY_HARDWARE_TIER3 UNITY_COLORSPACE_GAMMA UNITY_LIGHT_PROBE_PROXY_VOLUME UNITY_LIGHTMAP_FULL_HDR ok=1
